<?xml version="1.0" encoding="UTF-8"?>
<Site BuildName="Linux-clang++"
	BuildStamp="20231130-0325-Experimental"
	Name="ATJOWT-PC"
	Generator="ctest-3.22.1"
	CompilerName="/usr/bin/clang++"
	CompilerVersion=""
	OSName="Linux"
	Hostname="ATJOWT-PC"
	OSRelease="6.1.0-1025-oem"
	OSVersion="#25-Ubuntu SMP PREEMPT_DYNAMIC Fri Oct 13 12:54:28 UTC 2023"
	OSPlatform="x86_64"
	Is64Bits="1"
	VendorString="GenuineIntel"
	VendorID="Intel Corporation"
	FamilyID="6"
	ModelID="158"
	ProcessorCacheSize="6144"
	NumberOfLogicalCPU="4"
	NumberOfPhysicalCPU="4"
	TotalVirtualMemory="2047"
	TotalPhysicalMemory="15933"
	LogicalProcessorsPerPhysical="1"
	ProcessorClockFrequency="3381.55"
	>
	<Testing>
		<StartDateTime>Nov 30 19:27 CET</StartDateTime>
		<StartTestTime>1701368862</StartTestTime>
		<TestList/>
		<EndDateTime>Nov 30 19:27 CET</EndDateTime>
		<EndTestTime>1701368862</EndTestTime>
		<ElapsedMinutes>0</ElapsedMinutes>
	</Testing>
</Site>
